<?xml version="1.0" encoding="UTF-8"?>
<!-- Generated by org.testng.reporters.JUnitXMLReporter -->
<testsuite hostname="ATMECSINLT-269" name="SampleTest" tests="5" failures="0" timestamp="9 Apr 2020 14:14:22 GMT" time="149.916" errors="0">
  <testcase name="signIntoMyStore" time="27.125" classname="com.qa.automation.mystoreapplication.testscript.MyStoreOrder"/>
  <testcase name="addToCart" time="74.979" classname="com.qa.automation.mystoreapplication.testscript.MyStoreOrder"/>
  <testcase name="verifyOrderDetails" time="10.873" classname="com.qa.automation.mystoreapplication.testscript.MyStoreOrder"/>
  <testcase name="performCheckout" time="17.786" classname="com.qa.automation.mystoreapplication.testscript.MyStoreOrder"/>
  <testcase name="confirmOrder" time="10.496" classname="com.qa.automation.mystoreapplication.testscript.MyStoreOrder"/>
</testsuite> <!-- SampleTest -->
