<?xml version="1.0" encoding="UTF-8"?>
<!-- Generated by org.testng.reporters.JUnitXMLReporter -->
<testsuite hostname="ATMECSINLT-269" name="SampleTest" tests="5" failures="0" timestamp="9 Apr 2020 14:57:09 GMT" time="375.49" errors="0">
  <testcase name="signIntoMyStore" time="50.106" classname="com.qa.automation.mystoreapplication.testscript.MyStoreOrder"/>
  <testcase name="addToCart" time="50.494" classname="com.qa.automation.mystoreapplication.testscript.MyStoreOrder"/>
  <testcase name="performCheckout" time="271.776" classname="com.qa.automation.mystoreapplication.testscript.MyStoreOrder"/>
  <testcase name="confirmOrder" time="1.075" classname="com.qa.automation.mystoreapplication.testscript.MyStoreOrder"/>
  <testcase name="verifyOrderDetails" time="0.006" classname="com.qa.automation.mystoreapplication.testscript.MyStoreOrder"/>
</testsuite> <!-- SampleTest -->
