<?xml version="1.0" encoding="UTF-8"?>
<!-- Generated by org.testng.reporters.JUnitXMLReporter -->
<testsuite hostname="ATMECSINLT-269" name="Testcase for placing Order from mystore app" tests="1" failures="0" timestamp="22 Apr 2020 12:29:30 GMT" time="910.092" errors="0">
  <testcase name="verifyProductDetailsOnPaymentPage" time="738.082" classname="com.qa.automation.mystoreapplication.testscript.TC_006_ProductDetailsOnPaymentPage"/>
</testsuite> <!-- Testcase for placing Order from mystore app -->
