<?xml version="1.0" encoding="UTF-8"?>
<!-- Generated by org.testng.reporters.JUnitXMLReporter -->
<testsuite hostname="ATMECSINLT-269" name="Testcase for placing Order from mystore app" tests="7" failures="0" timestamp="24 Apr 2020 07:57:52 GMT" time="458.166" errors="0">
  <testcase name="performSignINAndVerifyProductCategoriesOnHomePage" time="51.474" classname="com.qa.automation.mystoreapplication.testscript.TC_0001_PlacingOrderFromMyStoreApp"/>
  <testcase name="verifyProductDetailsAndCartTextOnProductDetailsPage" time="83.608" classname="com.qa.automation.mystoreapplication.testscript.TC_0001_PlacingOrderFromMyStoreApp"/>
  <testcase name="verifyProductDetailsOnShoppingCartSummary" time="27.966" classname="com.qa.automation.mystoreapplication.testscript.TC_0001_PlacingOrderFromMyStoreApp"/>
  <testcase name="verifyAddressDetailsOnAddresssPage" time="30.879" classname="com.qa.automation.mystoreapplication.testscript.TC_0001_PlacingOrderFromMyStoreApp"/>
  <testcase name="verifyProductDetailsOnPaymentPage" time="57.183" classname="com.qa.automation.mystoreapplication.testscript.TC_0001_PlacingOrderFromMyStoreApp"/>
  <testcase name="verifyCheckout" time="85.143" classname="com.qa.automation.mystoreapplication.testscript.TC_0001_PlacingOrderFromMyStoreApp"/>
  <testcase name="verifyOrderDetails" time="20.014" classname="com.qa.automation.mystoreapplication.testscript.TC_0001_PlacingOrderFromMyStoreApp"/>
</testsuite> <!-- Testcase for placing Order from mystore app -->
