<?xml version="1.0" encoding="UTF-8"?>
<testng-results skipped="0" failed="0" total="0" passed="0">
  <reporter-output>
  </reporter-output>
  <suite name="com.qa.automation.mystoreapplication.AppTest" duration-ms="0" started-at="2020-04-24T07:50:13Z" finished-at="2020-04-24T07:50:13Z">
    <groups>
    </groups>
    <test name="Command line test" duration-ms="0" started-at="2020-04-24T07:50:13Z" finished-at="2020-04-24T07:50:13Z">
    </test> <!-- Command line test -->
  </suite> <!-- com.qa.automation.mystoreapplication.AppTest -->
</testng-results>
