<?xml version="1.0" encoding="UTF-8"?>
<!-- Generated by org.testng.reporters.JUnitXMLReporter -->
<testsuite hostname="ATMECSINLT-269" name="Testcase for placing Order from mystore app" tests="7" failures="0" timestamp="23 Apr 2020 07:56:22 GMT" time="309.595" errors="0">
  <testcase name="performSignIntoMystore" time="7.49" classname="com.qa.automation.mystoreapplication.testscript.TC_0002_PlacingOrderFromMyStoreApp"/>
  <testcase name="verifyProductDetailsAndCartTextOnAddToCartPage" time="32.694" classname="com.qa.automation.mystoreapplication.testscript.TC_0002_PlacingOrderFromMyStoreApp"/>
  <testcase name="verifyProductDetailsOnShoppingCartSummary" time="28.777" classname="com.qa.automation.mystoreapplication.testscript.TC_0002_PlacingOrderFromMyStoreApp"/>
  <testcase name="verifyAddressDetailsOnAddresssPage" time="34.384" classname="com.qa.automation.mystoreapplication.testscript.TC_0002_PlacingOrderFromMyStoreApp"/>
  <testcase name="verifyProductDetailsOnPaymentPage" time="62.299" classname="com.qa.automation.mystoreapplication.testscript.TC_0002_PlacingOrderFromMyStoreApp"/>
  <testcase name="verifyCheckout" time="88.102" classname="com.qa.automation.mystoreapplication.testscript.TC_0002_PlacingOrderFromMyStoreApp"/>
  <testcase name="verifyOrderDetails" time="19.074" classname="com.qa.automation.mystoreapplication.testscript.TC_0002_PlacingOrderFromMyStoreApp"/>
</testsuite> <!-- Testcase for placing Order from mystore app -->
