<?xml version="1.0" encoding="UTF-8"?>
<!-- Generated by org.testng.reporters.JUnitXMLReporter -->
<testsuite hostname="ATMECSINLT-269" name="SampleTest" tests="5" failures="0" timestamp="7 Apr 2020 13:13:02 GMT" time="163.546" errors="0">
  <testcase name="signIntoMyStore" time="34.49" classname="com.qa.automation.mystoreapplication.testscript.MyStoreOrder"/>
  <testcase name="addToCart" time="91.151" classname="com.qa.automation.mystoreapplication.testscript.MyStoreOrder"/>
  <testcase name="performCheckout" time="18.377" classname="com.qa.automation.mystoreapplication.testscript.MyStoreOrder"/>
  <testcase name="confirmOrder" time="6.309" classname="com.qa.automation.mystoreapplication.testscript.MyStoreOrder"/>
  <testcase name="verifyOrderDetails" time="10.14" classname="com.qa.automation.mystoreapplication.testscript.MyStoreOrder"/>
</testsuite> <!-- SampleTest -->
